-------------------------------------------------------------------------------
Test set: com.metacube.training.SpringDemoApplicationTests
-------------------------------------------------------------------------------
Tests run: 1, Failures: 0, Errors: 1, Skipped: 0, Time elapsed: 0.447 s <<< FAILURE! - in com.metacube.training.SpringDemoApplicationTests
com.metacube.training.SpringDemoApplicationTests  Time elapsed: 0.444 s  <<< ERROR!
java.lang.IllegalStateException: Unable to find a @SpringBootConfiguration, you need to use @ContextConfiguration or @SpringBootTest(classes=...) with your test

